Build started 25/09/2015 13:51:49.
     1>Project "D:\Users\David\Documents\GitHub\GameDevelopment\Dev_class3_handout\Motor2D\Motor2D.vcxproj" on node 2 (Build target(s)).
     1>ClCompile:
         D:\Program Files (x86)\Microsoft Visual Studio 12.0\VC\bin\CL.exe /c /ZI /nologo /W3 /WX- /sdl /Od /Oy- /D _ITERATOR_DEBUG_LEVEL=0 /D _MBCS /Gm /EHsc /RTC1 /MD /GS /fp:precise /Zc:wchar_t /Zc:forScope /Fo"Debug\\" /Fd"Debug\vc120.pdb" /Gd /TP /analyze- /errorReport:prompt j1FileSystem.cpp j1Main.cpp j1App.cpp j1Audio.cpp j1Input.cpp j1Scene.cpp p2Log.cpp j1Render.cpp j1Textures.cpp j1Window.cpp PugiXml\src\pugixml.cpp
         pugixml.cpp
         j1Window.cpp
         j1Textures.cpp
         j1Render.cpp
         p2Log.cpp
         j1Scene.cpp
         j1Input.cpp
         j1Audio.cpp
         j1App.cpp
     1>d:\users\david\documents\github\gamedevelopment\dev_class3_handout\motor2d\j1app.cpp(316): error C2662: 'bool j1App::loadData(void)' : cannot convert 'this' pointer from 'const j1App' to 'j1App &'
                 Conversion loses qualifiers
         j1Main.cpp
         j1FileSystem.cpp
         Generating Code...
     1>Done Building Project "D:\Users\David\Documents\GitHub\GameDevelopment\Dev_class3_handout\Motor2D\Motor2D.vcxproj" (Build target(s)) -- FAILED.

Build FAILED.

Time Elapsed 00:00:09.77
